4
34
33
99
102
1
32
64
92
11
44
45
49
7
20
51
96
43
65
54
57
148
219
6
9
85
15
47
62
3
16
88
90
2
37
68
249
12
77
83
14
101
296
48
21
100
40
36
63
91
80
69
79
93
87
50
74
82
22
53
84
19
66
13
38
5
31
103
8
56
60
52
75
86
76
98
35
61
26
17
71
24
30
58
28
46
10
27
95
78
97
42
67
89
29
81
23
25
39
59
70
72
73
94
18
55
41
106
4
34
33
99
107
105
1
32
64
92
11
44
109
45
49
7
20
51
96
43
65
54
57
102
6
9
85
15
47
62
3
16
88
90
2
37
68
12
77
104
83
14
48
21
100
40
36
101
63
91
80
69
79
93
87
108
50
74
82
22
53
84
19
66
13
38
5
31
103
8
56
60
52
75
86
76
98
35
61
26
17
71
24
30
58
28
46
10
27
95
78
97
42
67
89
29
81
23
25
39
59
70
72
73
94
18
55
41
106
4
34
33
99
107
105
1
32
64
92
11
44
45
49
7
20
51
96
43
65
54
57
102
6
9
85
15
47
62
3
16
88
90
2
37
68
12
77
104
83
14
48
21
100
40
36
101
63
91
80
69
79
93
87
108
50
74
82
22
53
84
19
66
13
38
5
31
103
8
56
60
52
75
86
76
98
35
61
26
17
71
24
30
58
28
46
10
27
95
78
97
42
67
89
29
81
23
25
39
59
70
72
73
94
18
55
41
106
4
34
33
99
107
105
1
32
64
92
11
44
45
49
7
20
51
96
43
65
54
57
102
6
9
85
15
47
62
3
16
88
90
2
37
68
12
77
104
83
14
48
21
100
40
36
101
63
91
80
69
79
93
87
108
50
74
82
22
53
84
19
66
13
38
5
31
103
8
56
60
52
75
86
76
98
35
61
26
17
71
24
30
58
28
46
10
27
95
78
97
42
67
89
29
81
23
25
39
59
70
72
73
94
18
55
41
106
4
34
33
99
107
105
1
32
64
92
11
44
45
49
7
20
51
96
43
65
54
57
102
6
9
85
15
47
62
3
16
88
90
2
37
68
12
77
104
83
14
48
21
100
40
36
101
63
91
80
69
79
93
87
108
50
74
82
22
53
84
19
66
13
38
5
31
