250
660
850
122
786
138
935
643
793
361
903
255
497
237
910
791
6
176
567
996
442
908
443
28
830
919
845
980
137
239
416
156
625
180
591
874
618
9
809
345
260
912
276
215
973
916
599
478
574
509
272
36
987
794
984
960
116
196
90
388
873
107
418
251
716
203
954
915
391
750
978
795
929
483
753
410
435
114
283
729
308
953
459
29
358
19
744
829
66
615
612
867
37
663
434
551
13
664
210
1000
860
240
109
369
183
445
581
606
537
763
575
844
411
229
905
513
184
629
75
98
564
446
282
726
982
155
233
243
863
976
286
193
549
833
188
452
287
952
577
68
806
438
441
50
906
475
555
58
350
485
456
851
622
636
118
926
394
563
143
2
177
902
644
718
178
822
990
705
32
588
51
565
395
197
458
569
420
736
938
393
715
947
758
494
834
204
316
82
907
181
721
451
262
797
171
100
119
479
827
812
560
40
108
392
772
684
78
614
321
895
979
714
88
598
256
986
175
631
856
785
875
981
15
498
342
776
535
523
133
33
71
816
42
751
690
214
279
465
53
103
878
472
226
520
510
221
766
709
971
832
681
261
732
508
457
115
18
232
297
843
539
413
362
222
373
556
605
752
302
589
623
266
586
770
231
339
125
300
561
739
102
293
880
988
462
400
955
576
230
4
846
518
649
47
590
398
273
481
480
634
147
409
54
956
519
835
578
703
847
950
967
121
380
112
700
924
815
939
937
324
677
92
74
274
808
991
685
131
70
304
469
957
901
503
836
682
626
430
356
34
632
247
349
134
548
761
855
652
216
825
363
826
728
645
158
671
145
609
653
773
296
136
747
169
454
63
881
117
436
633
923
381
864
426
968
172
600
201
640
22
375
130
961
477
404
692
191
195
944
344
948
322
354
187
340
898
93
367
139
704
399
579
65
281
547
909
242
783
154
412
769
275
940
921
351
7
328
792
734
882
223
209
94
687
738
318
448
423
163
679
888
314
12
694
59
329
186
307
352
120
470
252
930
487
931
927
257
754
868
124
593
490
290
244
712
141
573
866
702
488
111
603
790
495
10
67
745
491
665
781
678
105
447
936
284
799
771
782
693
428
192
406
234
325
433
686
245
807
31
949
505
190
680
528
60
467
619
723
173
918
970
198
719
271
160
41
861
142
265
611
306
30
353
658
819
202
999
638
713
301
688
299
887
1
848
630
624
69
876
27
731
998
512
311
821
759
507
985
994
959
775
72
993
608
597
741
235
439
189
333
727
620
849
610
651
466
101
796
268
695
355
532
675
241
476
149
91
425
419
206
168
24
38
571
831
595
641
997
291
963
879
16
554
762
886
533
889
238
722
526
621
440
461
842
814
182
376
778
943
385
717
422
668
764
5
804
153
295
777
11
288
540
550
213
320
493
584
890
616
128
530
760
914
749
941
81
757
8
596
365
824
264
219
86
733
343
46
303
492
789
132
224
453
249
194
263
258
463
572
347
511
357
449
45
500
942
838
525
517
464
853
811
801
104
496
346
364
408
891
396
148
48
637
330
174
370
529
670
628
319
748
378
432
966
335
43
928
341
270
538
536
784
218
854
73
23
437
170
893
788
934
706
958
397
627
185
460
164
383
151
87
869
95
254
414
501
711
531
315
236
570
179
962
35
57
659
424
289
779
900
99
504
862
698
983
768
562
913
735
259
805
818
780
911
872
21
421
858
896
332
140
429
106
545
417
543
39
656
662
541
292
96
26
366
486
932
524
557
84
594
76
159
701
972
585
212
309
587
331
337
390
514
113
444
56
52
386
161
708
839
427
566
55
648
995
870
77
969
691
697
3
471
146
506
387
489
129
859
126
167
455
857
884
683
646
542
667
841
484
152
975
601
228
17
800
904
431
613
382
755
110
666
892
725
558
25
583
720
377
44
661
604
885
372
402
617
724
521
765
544
639
823
527
522
580
774
280
49
123
200
899
323
740
80
964
676
62
689
474
97
127
767
338
946
389
925
14
220
552
502
246
166
278
499
877
83
374
852
707
657
165
516
810
162
415
673
674
207
317
405
348
837
992
144
920
650
253
989
61
730
669
20
199
945
515
89
803
553
277
787
312
298
305
917
85
157
894
654
227
468
710
746
965
607
883
64
79
248
559
798
840
828
403
647
743
6
379
205
334
482
294
28
655
696
371
974
208
922
742
534
635
327
592
225
672
150
9
122
135
217
756
473
269
642
897
820
211
401
359
267
285
871
138
360
582
36
951
602
813
865
802
977
699
450
310
407
313
933
137
90
