159
222
62
37
14
141
57
43
109
121
47
112
125
147
107
35
183
214
131
86
219
75
144
170
54
116
38
151
185
1
199
18
114
210
71
44
108
16
118
148
143
41
175
11
91
56
228
184
189
73
89
136
204
19
87
164
140
156
224
70
34
40
2
92
177
174
28
13
194
36
96
132
25
5
115
49
105
193
66
69
7
153
200
137
22
181
79
133
198
158
207
154
45
104
94
90
122
230
197
21
39
130
201
78
20
10
129
52
178
190
42
9
127
82
152
80
33
27
155
203
208
83
146
135
192
223
179
26
167
84
24
15
139
216
74
97
166
3
110
85
77
12
213
106
68
119
55
72
4
23
48
145
134
32
61
81
93
226
120
202
31
76
173
63
142
53
88
103
64
67
6
176
206
95
157
217
99
150
161
17
65
182
113
60
123
196
51
138
211
8
46
165
58
30
227
29
100
180
50
229
59
191
37
149
62
14
162
57
186
43
220
47
98
218
35
111
168
225
169
171
101
54
215
163
38
102
75
1
18
221
