36
79
84
96
29
66
99
55
71
2
27
93
6
26
46
58
41
9
39
76
35
74
86
63
104
83
15
43
50
51
73
45
80
91
11
47
17
31
69
59
60
38
49
61
94
97
21
53
95
101
10
14
98
103
23
57
100
48
16
34
62
67
19
8
113
7
13
106
1
92
32
75
30
33
18
20
40
25
52
78
105
3
70
54
65
85
82
64
22
108
4
81
109
89
37
56
87
28
44
12
5
24
72
110
88
102
115
90
112
68
42
77
36
79
84
96
29
111
66
99
55
71
2
27
93
6
26
107
46
58
41
9
39
76
35
74
86
63
104
83
15
43
50
51
73
45
80
91
11
47
17
31
69
59
60
38
49
61
94
97
21
53
95
101
10
14
98
103
23
57
100
48
16
34
62
67
19
8
7
13
106
1
92
32
75
30
33
18
20
40
25
52
78
105
3
70
54
113
65
85
