562
120
215
57
817
162
220
749
87
820
193
853
424
561
126
582
904
124
330
165
170
22
278
498
566
706
200
154
936
725
427
508
517
360
637
666
17
770
613
432
163
538
465
511
238
60
38
190
33
129
634
906
374
584
859
952
9
191
790
325
398
981
44
145
35
384
971
390
713
796
160
415
86
161
181
525
815
921
327
389
482
548
738
627
665
453
803
368
909
996
747
364
824
305
412
514
236
194
524
863
171
489
631
107
662
111
938
299
923
320
146
336
544
565
691
955
912
644
823
294
528
866
995
630
282
593
608
604
513
470
798
476
816
871
344
354
376
535
683
113
244
483
554
944
421
90
136
301
257
313
671
457
4
579
446
669
737
797
211
34
699
542
917
988
239
769
386
868
169
519
899
999
975
371
719
184
216
228
250
892
95
405
28
779
89
521
989
496
838
391
724
826
531
302
475
440
142
410
401
620
339
760
940
784
794
693
905
742
947
610
16
494
708
854
189
245
13
91
311
950
717
67
106
88
284
924
789
998
72
733
402
439
254
858
502
529
654
697
623
847
274
653
523
114
61
157
15
84
141
429
447
303
149
454
226
5
467
882
110
259
337
714
828
32
379
420
686
668
709
793
130
925
766
195
650
946
658
861
7
134
158
281
43
47
690
806
55
132
137
350
418
174
19
212
942
633
151
334
628
856
241
263
515
948
69
835
24
153
373
73
267
20
559
581
25
322
128
677
148
260
822
323
64
849
115
551
108
748
74
251
672
919
331
606
825
264
695
818
18
96
428
2
271
441
931
167
977
560
703
864
934
585
338
258
81
867
908
3
77
750
26
381
351
657
8
176
243
577
370
745
846
771
727
256
640
177
407
41
615
645
438
670
710
348
589
753
553
100
479
30
764
754
973
966
468
572
277
403
65
79
225
636
684
774
982
222
233
192
304
451
571
962
140
488
624
746
143
152
448
814
536
626
11
102
315
752
933
173
450
873
404
473
409
956
288
397
776
830
879
21
308
359
218
367
51
119
52
414
649
990
509
756
182
619
767
801
922
932
761
175
417
564
680
307
433
698
900
507
117
543
721
333
460
926
6
809
557
395
300
819
827
449
661
103
881
556
785
125
1
594
949
681
570
601
660
884
266
375
643
155
848
262
567
622
675
385
104
227
802
965
935
792
953
425
522
943
694
880
550
614
937
326
916
80
469
616
869
317
702
437
878
459
101
286
461
68
786
914
219
893
729
291
689
272
898
269
602
639
751
586
976
782
118
711
872
12
445
991
647
743
891
832
758
894
246
406
807
442
495
156
607
46
888
978
71
599
121
188
984
310
431
520
687
419
499
248
265
987
289
563
959
97
430
768
312
783
232
954
532
365
197
346
230
276
355
98
237
443
10
42
887
526
799
539
261
576
138
56
247
775
382
994
340
964
349
341
366
234
178
204
860
435
763
734
829
328
638
273
462
63
583
345
413
679
707
968
920
875
836
9
321
928
235
951
29
172
196
629
845
4
452
963
773
896
363
131
839
23
648
889
722
463
14
874
918
223
865
603
168
295
480
342
587
471
674
843
886
203
902
592
242
980
890
112
518
573
780
352
50
383
297
99
781
66
810
635
929
329
458
400
757
791
464
356
552
852
897
180
651
287
997
27
486
332
296
795
493
578
478
876
804
94
279
229
735
503
83
164
214
568
49
840
485
537
972
656
961
70
759
569
31
907
772
857
957
357
739
387
740
851
755
545
78
811
283
800
877
144
617
901
555
913
728
597
685
510
621
910
945
122
392
730
416
205
40
275
380
206
240
659
834
347
741
500
646
841
831
285
150
298
530
574
862
641
133
762
388
93
456
611
700
855
5
249
612
255
252
664
408
596
270
505
58
423
547
202
605
378
207
492
678
927
135
316
59
842
546
147
186
979
139
361
109
491
970
293
682
716
930
704
268
673
821
318
688
36
426
516
715
358
808
45
179
353
969
62
210
598
533
805
497
116
667
444
720
850
221
558
1000
527
541
217
663
958
213
396
588
490
609
813
253
575
960
290
2
732
231
292
512
692
82
393
411
632
723
941
487
343
166
466
208
474
726
778
17
7
885
787
993
48
53
477
422
903
3
595
159
209
731
185
187
362
504
280
306
39
92
911
983
394
985
224
472
183
833
123
812
992
455
54
335
534
777
642
201
369
618
399
549
939
718
652
837
974
436
765
319
501
676
986
701
540
377
481
744
580
712
895
324
967
655
309
591
625
314
434
736
590
372
8
915
600
870
85
705
198
75
105
484
696
