60
38
33
63
39
94
127
149
40
31
80
139
18
106
28
62
124
140
32
89
65
98
15
125
110
177
194
22
36
10
195
157
11
86
130
169
69
180
4
193
172
189
58
6
73
113
159
142
192
44
120
147
78
185
52
45
170
103
174
188
154
115
72
181
46
53
155
151
153
30
67
119
55
83
182
5
111
2
82
14
95
178
143
126
168
99
184
57
171
167
61
77
48
105
96
27
104
118
9
13
133
152
43
24
137
23
165
50
92
121
116
163
187
12
100
150
59
123
196
35
71
102
107
156
101
183
8
191
161
144
173
17
200
76
1
16
97
112
47
148
108
42
162
37
87
90
190
122
41
56
117
166
79
114
158
20
197
7
199
70
84
26
146
131
85
29
51
132
74
75
54
81
179
109
136
91
3
64
160
164
176
49
25
198
21
34
66
128
145
134
138
141
93
19
88
129
135
68
186
60
